# DBnameStart
LOTG2
# DBnameEnd
# MemoryStart
SGA:62464 MB
PGA:20480 MB
PGALimit:40960 MB
Used/Alloc:6208.2 / 6734.24 MB
Freeable:50.81 MB
Alloc/Lim:16.44% - Normal
# MemoryEnd
# TablespaceStart
TLOTGI01:399360:295718.37
OLD_TLOTG1:2580480:1611107.37
SYSAUX:20480:4581.37
UNDOTBS1:184320:6225.87
TLOTGPD03:798720:593303.06
TLOTGD01:245760:190707.56
TLOTGPD01:1136640:882889
OLD_TLOTG3:2580480:2488196.69
TS_SPLEX:2048:24.12
OLD_TLOTG2:2580480:2015544.87
USERS:5:1.25
TLOTGPI01:952320:750278.69
TEAID:10240:51.87
TB_836LOTG:30720:10018.87
SYSTEM:5120:3241.44
TS_AUDIT:5120:2.06
TLOTGPI02:1382400:1077796.19
TLOTGPI03:829440:637473.31
UNDOTBS2:184320:3343.69
TLOTGPD02:1259520:997410
# TablespaceEnd
# AsmStart
CRSDG:20480:7240
DATA1:5120000:2539177
DATA2:5120000:2539177
DATA3:5120000:2539177
DATA4:5120000:2293385
DATA:5120000:230752
IMSI:512000:511812
MGMT:81920:45096
RECO:1024000:717120
# AsmEnd
# BackupStatusStart
# BackupStatusEnd
# AlertStart
# AlertEnd
