# DBnameStart
BOKGWON2
# DBnameEnd
# MemoryStart
SGA:8192 MB
PGA:3072 MB
PGALimit:6144 MB
Used/Alloc:3614.64 / 3997.02 MB
Freeable:112.38 MB
Alloc/Lim:65.06% - Warning
# MemoryEnd
# TablespaceStart
TS_NNOWPRT_IDX:768000:622607.37
SYSAUX:4096:2289.62
UNDOTBS1:30720:431.37
USERS:1024:1
TS_PERFSTAT:2048:1
SYSTEM:2048:1082.56
TS_AUDIT:5120:1
UNDOTBS2:30720:306.25
TS_NNOWPRT:1075200:845736.31
# TablespaceEnd
# AsmStart
CRSDG:20464:7234
DATA:3071940:979808
MGMT:81904:24856
RECO:1023980:905428
# AsmEnd
# BackupStatusStart
2020/03/20-05:01:33    25.45G COMPLETED
2020/03/19-05:01:34     1.44T COMPLETED
2020/03/18-05:01:33    19.35G COMPLETED
# BackupStatusEnd
# AlertStart
# AlertEnd
