# DBnameStart
ITSMDB
# DBnameEnd
# MemoryStart
SGA:9312 MB
PGA:3104 MB
PGALimit:6208 MB
Used/Alloc:375.2 / 433.51 MB
Freeable:10.63 MB
Alloc/Lim:6.98% - Normal
# MemoryEnd
# TablespaceStart
SYSAUX:6690:6350.5
UNDOTBS1:10000:28.44
USERS:2000:7.12
ZITSM_IDX:500:408.75
SYSTEM:3000:764.62
ZITSM_DATA:2400:1884.87
TS_IMAILER:500:1
# TablespaceEnd
# AsmStart
# AsmEnd
# BackupStatusStart
2020/04/02-06:01:28     4.03G COMPLETED
2020/04/01-06:01:27     3.89G COMPLETED
2020/03/31-06:01:27     4.03G COMPLETED
# BackupStatusEnd
# AlertStart
# AlertEnd
